<?xml version="1.0" encoding="UTF-8"?>
<testng-results skipped="0" failed="0" ignored="0" total="1" passed="1">
  <reporter-output>
  </reporter-output>
  <suite name="Default suite" duration-ms="14412" started-at="2019-06-26T08:13:39Z" finished-at="2019-06-26T08:13:53Z">
    <groups>
    </groups>
    <test name="Default test" duration-ms="14412" started-at="2019-06-26T08:13:39Z" finished-at="2019-06-26T08:13:53Z">
      <class name="zeroautomaiton.Page.Login">
        <test-method status="PASS" signature="init()[pri:0, instance:zeroautomaiton.Page.Login@34c4973]" name="init" is-config="true" duration-ms="2" started-at="2019-06-26T08:13:39Z" finished-at="2019-06-26T08:13:39Z">
          <reporter-output>
          </reporter-output>
        </test-method> <!-- init -->
        <test-method status="PASS" signature="validateLogin(java.util.Hashtable)[pri:0, instance:zeroautomaiton.Page.Login@34c4973]" name="validateLogin" duration-ms="13861" started-at="2019-06-26T08:13:39Z" data-provider="getData" finished-at="2019-06-26T08:13:53Z">
          <params>
            <param index="0">
              <value>
                <![CDATA[{Password=admin, Runmode=Y, User=admin@yourstore.com}]]>
              </value>
            </param>
          </params>
          <reporter-output>
          </reporter-output>
        </test-method> <!-- validateLogin -->
        <test-method status="PASS" signature="quit()[pri:0, instance:zeroautomaiton.Page.Login@34c4973]" name="quit" is-config="true" duration-ms="186" started-at="2019-06-26T08:13:53Z" finished-at="2019-06-26T08:13:53Z">
          <reporter-output>
          </reporter-output>
        </test-method> <!-- quit -->
      </class> <!-- zeroautomaiton.Page.Login -->
    </test> <!-- Default test -->
  </suite> <!-- Default suite -->
</testng-results>
